<?xml version="1.0" encoding="UTF-8"?>
<!-- Generated by org.testng.reporters.JUnitReportReporter -->
<testsuite hostname="MACs-MacBook-Pro-2.local" failures="0" tests="2" name="com.liveGuru.commons.Common_01_Register_Success" time="5.365" errors="0" timestamp="21 Apr 2023 02:21:34 GMT" skipped="0">
  <testcase classname="com.liveGuru.commons.Common_01_Register_Success" name="TC_02_Verify_Information_User" time="1.660"/>
  <testcase classname="com.liveGuru.commons.Common_01_Register_Success" name="TC_01_Register" time="3.705"/>
</testsuite> <!-- com.liveGuru.commons.Common_01_Register_Success -->
