<?xml version="1.0" encoding="UTF-8"?>
<!-- Generated by org.testng.reporters.JUnitReportReporter -->
<testsuite hostname="MACs-MacBook-Pro-2.local" failures="0" tests="4" name="com.liveGuru.users.User_02_Font_End" time="53.473" errors="0" timestamp="21 Apr 2023 02:21:34 GMT" skipped="0">
  <testcase classname="com.liveGuru.users.User_02_Font_End" name="TC_10_Verify_Able_Purchase_Product" time="22.852"/>
  <testcase classname="com.liveGuru.users.User_02_Font_End" name="TC_09_Verify_Add_Your_Review" time="15.217"/>
  <testcase classname="com.liveGuru.users.User_02_Font_End" name="TC_11_Verify_Search_Funtion" time="7.360"/>
  <testcase classname="com.liveGuru.users.User_02_Font_End" name="TC_08_Verify_Share_Wishlist" time="8.044"/>
</testsuite> <!-- com.liveGuru.users.User_02_Font_End -->
